timeout 0
title Harness image
root (nd)
kernel /x86_64/sbin/elver 
modulenounzip /x86_64/sbin/cpu 
modulenounzip /x86_64/sbin/init 
modulenounzip /x86_64/sbin/mem_serv 
modulenounzip /x86_64/sbin/monitor 
modulenounzip /x86_64/sbin/ramfsd boot
modulenounzip /x86_64/sbin/skb boot
modulenounzip /x86_64/sbin/spawnd boot
modulenounzip /x86_64/sbin/startd boot
modulenounzip /eclipseclp_ramfs.cpio.gz nospawn
modulenounzip /skb_ramfs.cpio.gz nospawn
modulenounzip /x86_64/sbin/acpi boot
modulenounzip /x86_64/sbin/routing_setup boot
modulenounzip /x86_64/sbin/corectrl auto
modulenounzip /x86_64/sbin/pci auto
modulenounzip /x86_64/sbin/kaluga boot eth0=255:255:255
modulenounzip /x86_64/sbin/test_remote_delete core=0 server
modulenounzip /x86_64/sbin/test_remote_delete core=1 client
